app/build/intermediates/manifest_merge_blame_file/debug/manifest-merger-blame-debug-report.txt
1<?xml version="1.0" encoding="utf-8"?>
2<manifest xmlns:android="http://schemas.android.com/apk/res/android"
3    package="com.example.navermap"
4    android:versionCode="1"
5    android:versionName="1.0" >
6
7    <uses-sdk
8        android:minSdkVersion="24"
8-->src\main\AndroidManifest.xml
9        android:targetSdkVersion="33" />
9-->src\main\AndroidManifest.xml
10
11    <!-- 위치정보 사용을 위해 권한을 추가 -->
12    <uses-permission android:name="android.permission.INTERNET" />
12-->src\main\AndroidManifest.xml:6:5-66
12-->src\main\AndroidManifest.xml:6:22-64
13    <uses-permission android:name="android.permission.ACCESS_COARSE_LOCATION" />
13-->src\main\AndroidManifest.xml:7:5-81
13-->src\main\AndroidManifest.xml:7:22-78
14    <uses-permission android:name="android.permission.ACCESS_FINE_LOCATION" />
14-->src\main\AndroidManifest.xml:8:5-78
14-->src\main\AndroidManifest.xml:8:22-76
15
16    <uses-feature
16-->[com.naver.maps:map-sdk:3.16.0] AndroidManifest.xml:9:5-11:35
17        android:glEsVersion="0x00020000"
17-->[com.naver.maps:map-sdk:3.16.0] AndroidManifest.xml:10:9-41
18        android:required="true" />
18-->[com.naver.maps:map-sdk:3.16.0] AndroidManifest.xml:11:9-32
19    <uses-feature
19-->[com.naver.maps:map-sdk:3.16.0] AndroidManifest.xml:12:5-14:36
20        android:name="android.hardware.wifi"
20-->[com.naver.maps:map-sdk:3.16.0] AndroidManifest.xml:13:9-45
21        android:required="false" />
21-->[com.naver.maps:map-sdk:3.16.0] AndroidManifest.xml:14:9-33
22
23    <uses-permission android:name="android.permission.ACCESS_NETWORK_STATE" />
23-->[com.naver.maps:map-sdk:3.16.0] AndroidManifest.xml:17:5-79
23-->[com.naver.maps:map-sdk:3.16.0] AndroidManifest.xml:17:22-76
24    <uses-permission android:name="android.permission.ACCESS_WIFI_STATE" />
24-->[com.naver.maps:map-sdk:3.16.0] AndroidManifest.xml:18:5-76
24-->[com.naver.maps:map-sdk:3.16.0] AndroidManifest.xml:18:22-73
25
26    <application
26-->src\main\AndroidManifest.xml:10:5-31:19
27        android:allowBackup="true"
27-->src\main\AndroidManifest.xml:11:9-35
28        android:appComponentFactory="androidx.core.app.CoreComponentFactory"
28-->[androidx.core:core:1.7.0] AndroidManifest.xml:24:18-86
29        android:debuggable="true"
30        android:extractNativeLibs="false"
31        android:icon="@mipmap/ic_launcher"
31-->src\main\AndroidManifest.xml:12:9-43
32        android:label="@string/app_name"
32-->src\main\AndroidManifest.xml:13:9-41
33        android:roundIcon="@mipmap/ic_launcher_round"
33-->src\main\AndroidManifest.xml:14:9-54
34        android:supportsRtl="true"
34-->src\main\AndroidManifest.xml:15:9-35
35        android:testOnly="true"
36        android:theme="@style/Theme.NaverMap" >
36-->src\main\AndroidManifest.xml:16:9-46
37        <activity
37-->src\main\AndroidManifest.xml:17:9-25:20
38            android:name="com.example.navermap.MainActivity"
38-->src\main\AndroidManifest.xml:18:13-41
39            android:exported="true" >
39-->src\main\AndroidManifest.xml:19:13-36
40            <intent-filter>
40-->src\main\AndroidManifest.xml:20:13-24:29
41                <action android:name="android.intent.action.MAIN" />
41-->src\main\AndroidManifest.xml:21:17-69
41-->src\main\AndroidManifest.xml:21:25-66
42
43                <category android:name="android.intent.category.LAUNCHER" />
43-->src\main\AndroidManifest.xml:23:17-77
43-->src\main\AndroidManifest.xml:23:27-74
44            </intent-filter>
45        </activity>
46
47        <meta-data
47-->src\main\AndroidManifest.xml:27:9-29:41
48            android:name="com.naver.maps.map.CLIENT_ID"
48-->src\main\AndroidManifest.xml:28:13-56
49            android:value="2byc1xnipa" />
49-->src\main\AndroidManifest.xml:29:13-39
50
51        <activity
51-->[com.naver.maps:map-sdk:3.16.0] AndroidManifest.xml:21:9-25:51
52            android:name="com.naver.maps.map.app.LegendActivity"
52-->[com.naver.maps:map-sdk:3.16.0] AndroidManifest.xml:22:13-65
53            android:configChanges="screenSize|smallestScreenSize|screenLayout|orientation"
53-->[com.naver.maps:map-sdk:3.16.0] AndroidManifest.xml:23:13-91
54            android:label="@string/navermap_legend"
54-->[com.naver.maps:map-sdk:3.16.0] AndroidManifest.xml:24:13-52
55            android:theme="@style/navermap_app" />
55-->[com.naver.maps:map-sdk:3.16.0] AndroidManifest.xml:25:13-48
56        <activity
56-->[com.naver.maps:map-sdk:3.16.0] AndroidManifest.xml:26:9-30:51
57            android:name="com.naver.maps.map.app.LegalNoticeActivity"
57-->[com.naver.maps:map-sdk:3.16.0] AndroidManifest.xml:27:13-70
58            android:configChanges="screenSize|smallestScreenSize|screenLayout|orientation"
58-->[com.naver.maps:map-sdk:3.16.0] AndroidManifest.xml:28:13-91
59            android:label="@string/navermap_legal_notice"
59-->[com.naver.maps:map-sdk:3.16.0] AndroidManifest.xml:29:13-58
60            android:theme="@style/navermap_app" />
60-->[com.naver.maps:map-sdk:3.16.0] AndroidManifest.xml:30:13-48
61        <activity
61-->[com.naver.maps:map-sdk:3.16.0] AndroidManifest.xml:31:9-35:51
62            android:name="com.naver.maps.map.app.OpenSourceLicenseActivity"
62-->[com.naver.maps:map-sdk:3.16.0] AndroidManifest.xml:32:13-76
63            android:configChanges="screenSize|smallestScreenSize|screenLayout|orientation"
63-->[com.naver.maps:map-sdk:3.16.0] AndroidManifest.xml:33:13-91
64            android:label="@string/navermap_open_source_license"
64-->[com.naver.maps:map-sdk:3.16.0] AndroidManifest.xml:34:13-65
65            android:theme="@style/navermap_app" />
65-->[com.naver.maps:map-sdk:3.16.0] AndroidManifest.xml:35:13-48
66        <activity
66-->[com.google.android.gms:play-services-base:17.3.0] AndroidManifest.xml:23:9-26:75
67            android:name="com.google.android.gms.common.api.GoogleApiActivity"
67-->[com.google.android.gms:play-services-base:17.3.0] AndroidManifest.xml:24:13-79
68            android:exported="false"
68-->[com.google.android.gms:play-services-base:17.3.0] AndroidManifest.xml:25:13-37
69            android:theme="@android:style/Theme.Translucent.NoTitleBar" />
69-->[com.google.android.gms:play-services-base:17.3.0] AndroidManifest.xml:26:13-72
70
71        <meta-data
71-->[com.google.android.gms:play-services-basement:17.3.0] AndroidManifest.xml:23:9-25:69
72            android:name="com.google.android.gms.version"
72-->[com.google.android.gms:play-services-basement:17.3.0] AndroidManifest.xml:24:13-58
73            android:value="@integer/google_play_services_version" />
73-->[com.google.android.gms:play-services-basement:17.3.0] AndroidManifest.xml:25:13-66
74
75        <provider
75-->[androidx.emoji2:emoji2:1.0.0] AndroidManifest.xml:26:9-34:20
76            android:name="androidx.startup.InitializationProvider"
76-->[androidx.emoji2:emoji2:1.0.0] AndroidManifest.xml:27:13-67
77            android:authorities="com.example.navermap.androidx-startup"
77-->[androidx.emoji2:emoji2:1.0.0] AndroidManifest.xml:28:13-68
78            android:exported="false" >
78-->[androidx.emoji2:emoji2:1.0.0] AndroidManifest.xml:29:13-37
79            <meta-data
79-->[androidx.emoji2:emoji2:1.0.0] AndroidManifest.xml:31:13-33:52
80                android:name="androidx.emoji2.text.EmojiCompatInitializer"
80-->[androidx.emoji2:emoji2:1.0.0] AndroidManifest.xml:32:17-75
81                android:value="androidx.startup" />
81-->[androidx.emoji2:emoji2:1.0.0] AndroidManifest.xml:33:17-49
82            <meta-data
82-->[androidx.lifecycle:lifecycle-process:2.4.0] AndroidManifest.xml:31:13-33:52
83                android:name="androidx.lifecycle.ProcessLifecycleInitializer"
83-->[androidx.lifecycle:lifecycle-process:2.4.0] AndroidManifest.xml:32:17-78
84                android:value="androidx.startup" />
84-->[androidx.lifecycle:lifecycle-process:2.4.0] AndroidManifest.xml:33:17-49
85        </provider>
86    </application>
87
88</manifest>